[21:21:21] [Datafixer Bootstrap/INFO]: 226 Datafixer optimizations took 413 milliseconds
[21:21:27] [Render thread/INFO]: Environment: Environment[sessionHost=https://0.0.0.0, servicesHost=https://0.0.0.0, name=properties]
[21:21:27] [Render thread/INFO]: SkinFix by TaoGunner
[21:21:27] [Render thread/INFO]: Setting user: test
[21:21:27] [Download-1/WARN]: Couldn't look up profile properties for 530fa97a-357f-3c19-94d3-0c5c65c18fe8
com.mojang.authlib.exceptions.MinecraftClientHttpException: Status: 500
	at com.mojang.authlib.minecraft.client.MinecraftClient.readInputStream(MinecraftClient.java:102) ~[authlib-6.0.54.jar:?]
	at com.mojang.authlib.minecraft.client.MinecraftClient.get(MinecraftClient.java:57) ~[authlib-6.0.54.jar:?]
	at com.mojang.authlib.yggdrasil.YggdrasilMinecraftSessionService.fetchProfileUncached(YggdrasilMinecraftSessionService.java:205) ~[authlib-6.0.54.jar:?]
	at com.mojang.authlib.yggdrasil.YggdrasilMinecraftSessionService.fetchProfile(YggdrasilMinecraftSessionService.java:173) ~[authlib-6.0.54.jar:?]
	at fgo.bL(SourceFile:454) ~[1.21.jar:?]
	at java.base/java.util.concurrent.CompletableFuture$AsyncSupply.run(CompletableFuture.java:1768) ~[?:?]
	at java.base/java.util.concurrent.ThreadPoolExecutor.runWorker(ThreadPoolExecutor.java:1144) ~[?:?]
	at java.base/java.util.concurrent.ThreadPoolExecutor$Worker.run(ThreadPoolExecutor.java:642) ~[?:?]
	at java.base/java.lang.Thread.run(Thread.java:1583) [?:?]
[21:21:27] [Render thread/INFO]: Backend library: LWJGL version 3.3.3+5
[21:21:29] [Render thread/INFO]: Reloading ResourceManager: vanilla
[21:21:29] [Worker-Main-5/INFO]: Found unifont_all_no_pua-15.1.05.hex, loading
[21:21:29] [Worker-Main-5/INFO]: Found unifont_jp_patch-15.1.05.hex, loading
[21:21:31] [Render thread/WARN]: Missing sound for event: minecraft:item.goat_horn.play
[21:21:31] [Render thread/WARN]: Missing sound for event: minecraft:entity.goat.screaming.horn_break
[21:21:31] [Render thread/INFO]: OpenAL initialized on device OpenAL Soft on Динамики (2- USB PnP Audio Device)
[21:21:31] [Render thread/INFO]: Sound engine started
[21:21:31] [Render thread/INFO]: Created: 1024x512x4 minecraft:textures/atlas/blocks.png-atlas
[21:21:31] [Render thread/INFO]: Created: 256x256x4 minecraft:textures/atlas/signs.png-atlas
[21:21:31] [Render thread/INFO]: Created: 512x512x4 minecraft:textures/atlas/shield_patterns.png-atlas
[21:21:31] [Render thread/INFO]: Created: 512x512x4 minecraft:textures/atlas/banner_patterns.png-atlas
[21:21:31] [Render thread/INFO]: Created: 1024x1024x4 minecraft:textures/atlas/armor_trims.png-atlas
[21:21:31] [Render thread/INFO]: Created: 128x64x4 minecraft:textures/atlas/decorated_pot.png-atlas
[21:21:31] [Render thread/INFO]: Created: 256x256x4 minecraft:textures/atlas/chest.png-atlas
[21:21:31] [Render thread/INFO]: Created: 512x256x4 minecraft:textures/atlas/shulker_boxes.png-atlas
[21:21:31] [Render thread/INFO]: Created: 512x256x4 minecraft:textures/atlas/beds.png-atlas
[21:21:32] [Render thread/INFO]: Created: 512x256x0 minecraft:textures/atlas/particles.png-atlas
[21:21:32] [Render thread/INFO]: Created: 512x256x0 minecraft:textures/atlas/paintings.png-atlas
[21:21:32] [Render thread/INFO]: Created: 256x128x0 minecraft:textures/atlas/mob_effects.png-atlas
[21:21:32] [Render thread/INFO]: Created: 64x64x0 minecraft:textures/atlas/map_decorations.png-atlas
[21:21:32] [Render thread/INFO]: Created: 1024x512x0 minecraft:textures/atlas/gui.png-atlas
[21:21:32] [Render thread/WARN]: Shader rendertype_entity_translucent_emissive could not find sampler named Sampler2 in the specified shader program.
[21:21:49] [Render thread/INFO]: Stopping!
